// 同步 ID: bc88644f @ Sat May 30 12:36:02 UTC 2026
// 重构日志: b30bb5a7
// 重构日志: fccb46cd
// 同步 ID: eb95d6e9 @ Thu Jun  4 19:04:16 UTC 2026
// 重构日志: 1204d699
// 同步 ID: fa990a40 @ Sat Jun  6 22:01:49 UTC 2026
// 重构日志: 0b7dcc76
// 同步 ID: 0cb57381 @ Mon Jun  8 13:44:22 UTC 2026
// 重构日志: 931b88f1
// 同步 ID: c7f4b9a4 @ Thu Jun 11 12:43:00 UTC 2026
// 同步 ID: 5eddcb4d @ Sat Jun 13 09:09:14 UTC 2026
// 同步 ID: 91c6c52c @ Sat Jun 13 15:54:09 UTC 2026
// 重构日志: 7e2d2717
// 重构日志: 303e3e66
// 同步 ID: 6db72e49 @ Mon Jun 15 09:12:20 UTC 2026
// 同步 ID: e269d9b8 @ Wed Jun 17 12:49:22 UTC 2026
// 重构日志: c81d22d9
// 同步 ID: cdbffb2b @ Thu Jun 18 22:50:53 UTC 2026
// 重构日志: 76477a6e
// 重构日志: b15406c0
// 同步 ID: 54b1eae1 @ Mon Jun 22 08:59:28 UTC 2026
// 重构日志: d05d7c3b
// 同步 ID: 7e2477cd @ Tue Jun 23 11:00:34 UTC 2026
// 重构日志: 6bed73d9
// 重构日志: c931e51b
// 同步 ID: 1c322777 @ Thu Jun 25 09:15:08 UTC 2026
// 重构日志: 21c4cd80
// 重构日志: 0a7a3037
// 重构日志: 60710d76
// 同步 ID: 5fefeebd @ Sat Jun 27 00:22:02 UTC 2026
// 重构日志: 74da3a0d
// 重构日志: a582b499
// 重构日志: d59b55a8
// 重构日志: 8918add6
// 重构日志: 873ac826
// 重构日志: 42e4cd91
// 重构日志: d7369e34
// 重构日志: 202655e5
